action: GLOB, msg: packaging
cwd: F:\A Programming\MLops_project\wafer project
cmd: 'f:\a programming\mlops_project\wafer project\waferenv\scripts\python.exe' setup.py sdist --formats=zip --dist-dir 'F:\A Programming\MLops_project\wafer project\.tox\dist'
running sdist
running egg_info
creating src.egg-info
writing src.egg-info\PKG-INFO
writing dependency_links to src.egg-info\dependency_links.txt
writing top-level names to src.egg-info\top_level.txt
writing manifest file 'src.egg-info\SOURCES.txt'
reading manifest file 'src.egg-info\SOURCES.txt'
writing manifest file 'src.egg-info\SOURCES.txt'
running check
warning: check: missing required meta-data: url

warning: check: missing meta-data: if 'author' supplied, 'author_email' must be supplied too

creating src-0.1.0
creating src-0.1.0\prediction_servive
creating src-0.1.0\src
creating src-0.1.0\src.egg-info
creating src-0.1.0\src\data
creating src-0.1.0\src\features
creating src-0.1.0\src\models
creating src-0.1.0\src\visualization
creating src-0.1.0\tests
copying files to src-0.1.0...
copying README.md -> src-0.1.0
copying setup.py -> src-0.1.0
copying prediction_servive\__init__.py -> src-0.1.0\prediction_servive
copying prediction_servive\prediction.py -> src-0.1.0\prediction_servive
copying src\__init__.py -> src-0.1.0\src
copying src\app.py -> src-0.1.0\src
copying src\pipeline_01_training_data_validation.py -> src-0.1.0\src
copying src\pipeline_02_model_training.py -> src-0.1.0\src
copying src\pipeline_03_pred_data_validation.py -> src-0.1.0\src
copying src\pipeline_04_prediction.py -> src-0.1.0\src
copying src\predictFromModel.py -> src-0.1.0\src
copying src\prediction_Validation_Insertion.py -> src-0.1.0\src
copying src\read_params.py -> src-0.1.0\src
copying src\trainingModel.py -> src-0.1.0\src
copying src\training_Validation_Insertion.py -> src-0.1.0\src
copying src.egg-info\PKG-INFO -> src-0.1.0\src.egg-info
copying src.egg-info\SOURCES.txt -> src-0.1.0\src.egg-info
copying src.egg-info\dependency_links.txt -> src-0.1.0\src.egg-info
copying src.egg-info\top_level.txt -> src-0.1.0\src.egg-info
copying src\data\__init__.py -> src-0.1.0\src\data
copying src\data\make_dataset.py -> src-0.1.0\src\data
copying src\features\__init__.py -> src-0.1.0\src\features
copying src\features\build_features.py -> src-0.1.0\src\features
copying src\models\__init__.py -> src-0.1.0\src\models
copying src\models\predict_model.py -> src-0.1.0\src\models
copying src\models\train_model.py -> src-0.1.0\src\models
copying src\visualization\__init__.py -> src-0.1.0\src\visualization
copying src\visualization\visualize.py -> src-0.1.0\src\visualization
copying tests\__init__.py -> src-0.1.0\tests
copying tests\conftest.py -> src-0.1.0\tests
copying tests\test_config.py -> src-0.1.0\tests
Writing src-0.1.0\setup.cfg
creating F:\A Programming\MLops_project\wafer project\.tox\dist
creating 'F:\A Programming\MLops_project\wafer project\.tox\dist\src-0.1.0.zip' and adding 'src-0.1.0' to it
adding 'src-0.1.0'
adding 'src-0.1.0\prediction_servive'
adding 'src-0.1.0\src'
adding 'src-0.1.0\src.egg-info'
adding 'src-0.1.0\tests'
adding 'src-0.1.0\PKG-INFO'
adding 'src-0.1.0\README.md'
adding 'src-0.1.0\setup.cfg'
adding 'src-0.1.0\setup.py'
adding 'src-0.1.0\prediction_servive\prediction.py'
adding 'src-0.1.0\prediction_servive\__init__.py'
adding 'src-0.1.0\src\data'
adding 'src-0.1.0\src\features'
adding 'src-0.1.0\src\models'
adding 'src-0.1.0\src\visualization'
adding 'src-0.1.0\src\app.py'
adding 'src-0.1.0\src\pipeline_01_training_data_validation.py'
adding 'src-0.1.0\src\pipeline_02_model_training.py'
adding 'src-0.1.0\src\pipeline_03_pred_data_validation.py'
adding 'src-0.1.0\src\pipeline_04_prediction.py'
adding 'src-0.1.0\src\predictFromModel.py'
adding 'src-0.1.0\src\prediction_Validation_Insertion.py'
adding 'src-0.1.0\src\read_params.py'
adding 'src-0.1.0\src\trainingModel.py'
adding 'src-0.1.0\src\training_Validation_Insertion.py'
adding 'src-0.1.0\src\__init__.py'
adding 'src-0.1.0\src\data\make_dataset.py'
adding 'src-0.1.0\src\data\__init__.py'
adding 'src-0.1.0\src\features\build_features.py'
adding 'src-0.1.0\src\features\__init__.py'
adding 'src-0.1.0\src\models\predict_model.py'
adding 'src-0.1.0\src\models\train_model.py'
adding 'src-0.1.0\src\models\__init__.py'
adding 'src-0.1.0\src\visualization\visualize.py'
adding 'src-0.1.0\src\visualization\__init__.py'
adding 'src-0.1.0\src.egg-info\dependency_links.txt'
adding 'src-0.1.0\src.egg-info\PKG-INFO'
adding 'src-0.1.0\src.egg-info\SOURCES.txt'
adding 'src-0.1.0\src.egg-info\top_level.txt'
adding 'src-0.1.0\tests\conftest.py'
adding 'src-0.1.0\tests\test_config.py'
adding 'src-0.1.0\tests\__init__.py'
removing 'src-0.1.0' (and everything under it)
